<?xml version="1.0" encoding="UTF-8"?>
<!-- Generated by org.testng.reporters.JUnitXMLReporter -->
<testsuite ignored="0" hostname="DESKTOP-IH7APV1" failures="0" tests="18" name="Surefire test" time="152.347" errors="0" timestamp="2023-10-05T15:53:47 EDT">
  <testcase classname="com.tutorialsninja_testcases.LoginTest" name="verifyLoginWithValidCredentials" time="1.056"/>
  <testcase classname="com.tutorialsninja_testcases.LoginTest" name="verifyLoginWithValidCredentials" time="1.189"/>
  <testcase classname="com.tutorialsninja_testcases.LoginTest" name="verifyLoginWithValidCredentials" time="1.077"/>
  <testcase classname="com.tutorialsninja_testcases.LoginTest" name="verifyLoginWithValidCredentials" time="1.091"/>
  <testcase classname="com.tutorialsninja_testcases.LoginTest" name="verifyLoginWithValidCredentials" time="1.097"/>
  <testcase classname="com.tutorialsninja_testcases.LoginTest" name="verifyLoginWithValidCredentials" time="0.986"/>
  <testcase classname="com.tutorialsninja_testcases.LoginTest" name="verifyLoginWithValidCredentials" time="1.115"/>
  <testcase classname="com.tutorialsninja_testcases.LoginTest" name="verifyLoginWithValidEmailAndInvalidPassword" time="0.652"/>
  <testcase classname="com.tutorialsninja_testcases.LoginTest" name="verifyLoginWithInvalidEmailAndvalidPassword" time="0.674"/>
  <testcase classname="com.tutorialsninja_testcases.LoginTest" name="verifyLoginWithInvalidCredentials" time="0.713"/>
  <testcase classname="com.tutorialsninja_testcases.LoginTest" name="verifyLoginWithNoCredentials" time="0.565"/>
  <testcase classname="com.tutorialsninja_testcases.RegisterTest" name="registerAccountWithMandatoryDetails" time="2.502"/>
  <testcase classname="com.tutorialsninja_testcases.RegisterTest" name="registerAccountWithAllDetails" time="1.578"/>
  <testcase classname="com.tutorialsninja_testcases.RegisterTest" name="registerAccountWithNoDetails" time="0.662"/>
  <testcase classname="com.tutorialsninja_testcases.RegisterTest" name="registerAccountExistingEmail" time="1.099"/>
  <testcase classname="com.tutorialsninja_testcases.SearchProductTest" name="verifySearchWithValidProduct" time="0.833"/>
  <testcase classname="com.tutorialsninja_testcases.SearchProductTest" name="verifySearchNoProduct" time="0.746"/>
  <testcase classname="com.tutorialsninja_testcases.SearchProductTest" name="verifySearchWithInvalidProduct" time="0.799"/>
</testsuite> <!-- Surefire test -->
