<?xml version="1.0" encoding="UTF-8"?>
<!-- Generated by org.testng.reporters.JUnitXMLReporter -->
<testsuite ignored="0" hostname="DESKTOP-IH7APV1" failures="0" tests="18" name="Test" time="126.952" errors="0" timestamp="2023-10-05T16:34:31 EDT">
  <testcase classname="com.tutorialsninja_testcases.LoginTest" name="verifyLoginWithValidCredentials" time="1.093"/>
  <testcase classname="com.tutorialsninja_testcases.LoginTest" name="verifyLoginWithValidCredentials" time="1.171"/>
  <testcase classname="com.tutorialsninja_testcases.LoginTest" name="verifyLoginWithValidCredentials" time="0.985"/>
  <testcase classname="com.tutorialsninja_testcases.LoginTest" name="verifyLoginWithValidCredentials" time="1.096"/>
  <testcase classname="com.tutorialsninja_testcases.LoginTest" name="verifyLoginWithValidCredentials" time="1.012"/>
  <testcase classname="com.tutorialsninja_testcases.LoginTest" name="verifyLoginWithValidCredentials" time="0.999"/>
  <testcase classname="com.tutorialsninja_testcases.LoginTest" name="verifyLoginWithValidCredentials" time="1.211"/>
  <testcase classname="com.tutorialsninja_testcases.LoginTest" name="verifyLoginWithValidEmailAndInvalidPassword" time="0.667"/>
  <testcase classname="com.tutorialsninja_testcases.LoginTest" name="verifyLoginWithInvalidEmailAndvalidPassword" time="0.797"/>
  <testcase classname="com.tutorialsninja_testcases.LoginTest" name="verifyLoginWithInvalidCredentials" time="0.8"/>
  <testcase classname="com.tutorialsninja_testcases.LoginTest" name="verifyLoginWithNoCredentials" time="0.765"/>
  <testcase classname="com.tutorialsninja_testcases.RegisterTest" name="registerAccountWithMandatoryDetails" time="1.476"/>
  <testcase classname="com.tutorialsninja_testcases.RegisterTest" name="registerAccountWithAllDetails" time="1.791"/>
  <testcase classname="com.tutorialsninja_testcases.RegisterTest" name="registerAccountWithNoDetails" time="0.604"/>
  <testcase classname="com.tutorialsninja_testcases.RegisterTest" name="registerAccountExistingEmail" time="1.271"/>
  <testcase classname="com.tutorialsninja_testcases.SearchProductTest" name="verifySearchWithValidProduct" time="0.972"/>
  <testcase classname="com.tutorialsninja_testcases.SearchProductTest" name="verifySearchNoProduct" time="0.803"/>
  <testcase classname="com.tutorialsninja_testcases.SearchProductTest" name="verifySearchWithInvalidProduct" time="0.927"/>
</testsuite> <!-- Test -->
