<?xml version="1.0" encoding="UTF-8"?>
<testsuite xmlns:xsi="http://www.w3.org/2001/XMLSchema-instance" xsi:noNamespaceSchemaLocation="https://maven.apache.org/surefire/maven-surefire-plugin/xsd/surefire-test-report-3.0.xsd" version="3.0" name="TestSuite" time="129.569" tests="18" errors="0" skipped="0" failures="0">
  <properties>
[...]
</properties>
  <testcase name="verifyLoginWithValidCredentials[seleniumpanda@gmail.com, Selenium@123](1)" classname="com.tutorialsninja_testcases.LoginTest" time="1.098">
    <system-out><![CDATA[Project execution started
verifyLoginWithValidCredentials----->Test Execution Started
verifyLoginWithValidCredentials---> Executed successfully
]]></system-out>
    <system-err><![CDATA[SLF4J: Failed to load class "org.slf4j.impl.StaticLoggerBinder".
SLF4J: Defaulting to no-operation (NOP) logger implementation
SLF4J: See http://www.slf4j.org/codes.html#StaticLoggerBinder for further details.
Oct 05, 2023 4:32:27 PM org.openqa.selenium.devtools.CdpVersionFinder findNearestMatch
WARNING: Unable to find an exact match for CDP version 117, so returning the closest version found: 115
]]></system-err>
  </testcase>
  <testcase name="verifyLoginWithValidCredentials[seleniumpanda1@gmail.com, Selenium@123](2)" classname="com.tutorialsninja_testcases.LoginTest" time="1.171">
    <system-out><![CDATA[verifyLoginWithValidCredentials----->Test Execution Started
verifyLoginWithValidCredentials---> Executed successfully
]]></system-out>
    <system-err><![CDATA[Oct 05, 2023 4:32:32 PM org.openqa.selenium.remote.http.WebSocket$Listener onError
WARNING: Connection reset
java.net.SocketException: Connection reset
	at java.base/sun.nio.ch.SocketChannelImpl.throwConnectionReset(SocketChannelImpl.java:394)
	at java.base/sun.nio.ch.SocketChannelImpl.read(SocketChannelImpl.java:426)
	at io.netty.buffer.PooledByteBuf.setBytes(PooledByteBuf.java:256)
	at io.netty.buffer.AbstractByteBuf.writeBytes(AbstractByteBuf.java:1132)
	at io.netty.channel.socket.nio.NioSocketChannel.doReadBytes(NioSocketChannel.java:357)
	at io.netty.channel.nio.AbstractNioByteChannel$NioByteUnsafe.read(AbstractNioByteChannel.java:151)
	at io.netty.channel.nio.NioEventLoop.processSelectedKey(NioEventLoop.java:788)
	at io.netty.channel.nio.NioEventLoop.processSelectedKeysOptimized(NioEventLoop.java:724)
	at io.netty.channel.nio.NioEventLoop.processSelectedKeys(NioEventLoop.java:650)
	at io.netty.channel.nio.NioEventLoop.run(NioEventLoop.java:562)
	at io.netty.util.concurrent.SingleThreadEventExecutor$4.run(SingleThreadEventExecutor.java:997)
	at io.netty.util.internal.ThreadExecutorMap$2.run(ThreadExecutorMap.java:74)
	at io.netty.util.concurrent.FastThreadLocalRunnable.run(FastThreadLocalRunnable.java:30)
	at java.base/java.lang.Thread.run(Thread.java:833)

Oct 05, 2023 4:32:34 PM org.openqa.selenium.devtools.CdpVersionFinder findNearestMatch
WARNING: Unable to find an exact match for CDP version 117, so returning the closest version found: 115
]]></system-err>
  </testcase>
  <testcase name="verifyLoginWithValidCredentials[seleniumpanda2@gmail.com, Selenium@123](3)" classname="com.tutorialsninja_testcases.LoginTest" time="0.989">
    <system-out><![CDATA[verifyLoginWithValidCredentials----->Test Execution Started
verifyLoginWithValidCredentials---> Executed successfully
]]></system-out>
    <system-err><![CDATA[Oct 05, 2023 4:32:41 PM org.openqa.selenium.devtools.CdpVersionFinder findNearestMatch
WARNING: Unable to find an exact match for CDP version 117, so returning the closest version found: 115
]]></system-err>
  </testcase>
  <testcase name="verifyLoginWithValidCredentials[seleniumpanda3@gmail.com, Selenium@123](4)" classname="com.tutorialsninja_testcases.LoginTest" time="1.096">
    <system-out><![CDATA[verifyLoginWithValidCredentials----->Test Execution Started
verifyLoginWithValidCredentials---> Executed successfully
]]></system-out>
    <system-err><![CDATA[Oct 05, 2023 4:32:48 PM org.openqa.selenium.devtools.CdpVersionFinder findNearestMatch
WARNING: Unable to find an exact match for CDP version 117, so returning the closest version found: 115
]]></system-err>
  </testcase>
  <testcase name="verifyLoginWithValidCredentials[seleniumpanda4@gmail.com, Selenium@123](5)" classname="com.tutorialsninja_testcases.LoginTest" time="1.012">
    <system-out><![CDATA[verifyLoginWithValidCredentials----->Test Execution Started
verifyLoginWithValidCredentials---> Executed successfully
]]></system-out>
    <system-err><![CDATA[Oct 05, 2023 4:32:55 PM org.openqa.selenium.devtools.CdpVersionFinder findNearestMatch
WARNING: Unable to find an exact match for CDP version 117, so returning the closest version found: 115
]]></system-err>
  </testcase>
  <testcase name="verifyLoginWithValidCredentials[seleniumpanda5@gmail.com, Selenium@123](6)" classname="com.tutorialsninja_testcases.LoginTest" time="0.999">
    <system-out><![CDATA[verifyLoginWithValidCredentials----->Test Execution Started
verifyLoginWithValidCredentials---> Executed successfully
]]></system-out>
    <system-err><![CDATA[Oct 05, 2023 4:33:01 PM org.openqa.selenium.devtools.CdpVersionFinder findNearestMatch
WARNING: Unable to find an exact match for CDP version 117, so returning the closest version found: 115
]]></system-err>
  </testcase>
  <testcase name="verifyLoginWithValidCredentials[seleniumpanda6@gmail.com, Selenium@123](7)" classname="com.tutorialsninja_testcases.LoginTest" time="1.211">
    <system-out><![CDATA[verifyLoginWithValidCredentials----->Test Execution Started
verifyLoginWithValidCredentials---> Executed successfully
]]></system-out>
    <system-err><![CDATA[Oct 05, 2023 4:33:08 PM org.openqa.selenium.devtools.CdpVersionFinder findNearestMatch
WARNING: Unable to find an exact match for CDP version 117, so returning the closest version found: 115
]]></system-err>
  </testcase>
  <testcase name="verifyLoginWithValidEmailAndInvalidPassword" classname="com.tutorialsninja_testcases.LoginTest" time="0.667">
    <system-out><![CDATA[verifyLoginWithValidEmailAndInvalidPassword----->Test Execution Started
verifyLoginWithValidEmailAndInvalidPassword---> Executed successfully
]]></system-out>
    <system-err><![CDATA[Oct 05, 2023 4:33:16 PM org.openqa.selenium.devtools.CdpVersionFinder findNearestMatch
WARNING: Unable to find an exact match for CDP version 117, so returning the closest version found: 115
]]></system-err>
  </testcase>
  <testcase name="verifyLoginWithInvalidEmailAndvalidPassword" classname="com.tutorialsninja_testcases.LoginTest" time="0.799">
    <system-out><![CDATA[verifyLoginWithInvalidEmailAndvalidPassword----->Test Execution Started
verifyLoginWithInvalidEmailAndvalidPassword---> Executed successfully
]]></system-out>
    <system-err><![CDATA[Oct 05, 2023 4:33:22 PM org.openqa.selenium.devtools.CdpVersionFinder findNearestMatch
WARNING: Unable to find an exact match for CDP version 117, so returning the closest version found: 115
]]></system-err>
  </testcase>
  <testcase name="verifyLoginWithInvalidCredentials" classname="com.tutorialsninja_testcases.LoginTest" time="0.796">
    <system-out><![CDATA[verifyLoginWithInvalidCredentials----->Test Execution Started
verifyLoginWithInvalidCredentials---> Executed successfully
]]></system-out>
    <system-err><![CDATA[Oct 05, 2023 4:33:30 PM org.openqa.selenium.devtools.CdpVersionFinder findNearestMatch
WARNING: Unable to find an exact match for CDP version 117, so returning the closest version found: 115
]]></system-err>
  </testcase>
  <testcase name="verifyLoginWithNoCredentials" classname="com.tutorialsninja_testcases.LoginTest" time="0.767">
    <system-out><![CDATA[verifyLoginWithNoCredentials----->Test Execution Started
verifyLoginWithNoCredentials---> Executed successfully
]]></system-out>
    <system-err><![CDATA[Oct 05, 2023 4:33:37 PM org.openqa.selenium.devtools.CdpVersionFinder findNearestMatch
WARNING: Unable to find an exact match for CDP version 117, so returning the closest version found: 115
]]></system-err>
  </testcase>
  <testcase name="registerAccountWithMandatoryDetails" classname="com.tutorialsninja_testcases.RegisterTest" time="1.476">
    <system-out><![CDATA[registerAccountWithMandatoryDetails----->Test Execution Started
registerAccountWithMandatoryDetails---> Executed successfully
]]></system-out>
    <system-err><![CDATA[Oct 05, 2023 4:33:44 PM org.openqa.selenium.devtools.CdpVersionFinder findNearestMatch
WARNING: Unable to find an exact match for CDP version 117, so returning the closest version found: 115
]]></system-err>
  </testcase>
  <testcase name="registerAccountWithAllDetails" classname="com.tutorialsninja_testcases.RegisterTest" time="1.791">
    <system-out><![CDATA[registerAccountWithAllDetails----->Test Execution Started
registerAccountWithAllDetails---> Executed successfully
]]></system-out>
    <system-err><![CDATA[Oct 05, 2023 4:33:51 PM org.openqa.selenium.devtools.CdpVersionFinder findNearestMatch
WARNING: Unable to find an exact match for CDP version 117, so returning the closest version found: 115
]]></system-err>
  </testcase>
  <testcase name="registerAccountWithNoDetails" classname="com.tutorialsninja_testcases.RegisterTest" time="0.604">
    <system-out><![CDATA[registerAccountWithNoDetails----->Test Execution Started
registerAccountWithNoDetails---> Executed successfully
]]></system-out>
    <system-err><![CDATA[Oct 05, 2023 4:33:59 PM org.openqa.selenium.devtools.CdpVersionFinder findNearestMatch
WARNING: Unable to find an exact match for CDP version 117, so returning the closest version found: 115
]]></system-err>
  </testcase>
  <testcase name="registerAccountExistingEmail" classname="com.tutorialsninja_testcases.RegisterTest" time="1.271">
    <system-out><![CDATA[registerAccountExistingEmail----->Test Execution Started
registerAccountExistingEmail---> Executed successfully
]]></system-out>
    <system-err><![CDATA[Oct 05, 2023 4:34:06 PM org.openqa.selenium.devtools.CdpVersionFinder findNearestMatch
WARNING: Unable to find an exact match for CDP version 117, so returning the closest version found: 115
]]></system-err>
  </testcase>
  <testcase name="verifySearchWithValidProduct" classname="com.tutorialsninja_testcases.SearchProductTest" time="0.974">
    <system-out><![CDATA[verifySearchWithValidProduct----->Test Execution Started
verifySearchWithValidProduct---> Executed successfully
]]></system-out>
    <system-err><![CDATA[Oct 05, 2023 4:34:13 PM org.openqa.selenium.devtools.CdpVersionFinder findNearestMatch
WARNING: Unable to find an exact match for CDP version 117, so returning the closest version found: 115
]]></system-err>
  </testcase>
  <testcase name="verifySearchNoProduct" classname="com.tutorialsninja_testcases.SearchProductTest" time="0.804">
    <system-out><![CDATA[verifySearchNoProduct----->Test Execution Started
verifySearchNoProduct---> Executed successfully
]]></system-out>
    <system-err><![CDATA[Oct 05, 2023 4:34:19 PM org.openqa.selenium.devtools.CdpVersionFinder findNearestMatch
WARNING: Unable to find an exact match for CDP version 117, so returning the closest version found: 115
]]></system-err>
  </testcase>
  <testcase name="verifySearchWithInvalidProduct" classname="com.tutorialsninja_testcases.SearchProductTest" time="0.927">
    <system-out><![CDATA[verifySearchWithInvalidProduct----->Test Execution Started
verifySearchWithInvalidProduct---> Executed successfully
]]></system-out>
    <system-err><![CDATA[Oct 05, 2023 4:34:25 PM org.openqa.selenium.devtools.CdpVersionFinder findNearestMatch
WARNING: Unable to find an exact match for CDP version 117, so returning the closest version found: 115
]]></system-err>
  </testcase>
</testsuite>